<?xml version="1.0" encoding="UTF-8"?>
<!-- Generated by org.testng.reporters.JUnitReportReporter -->
<testsuite hostname="neova-shipra" name="testscripts.Flight" tests="4" failures="0" timestamp="26 Jul 2019 05:58:40 GMT" time="6.912" errors="0">
  <testcase name="register" time="1.575" classname="testscripts.Flight"/>
  <testcase name="support" time="1.333" classname="testscripts.Flight"/>
  <testcase name="register" time="1.953" classname="testscripts.Flight"/>
  <testcase name="support" time="2.051" classname="testscripts.Flight"/>
</testsuite> <!-- testscripts.Flight -->
