<?xml version="1.0" encoding="UTF-8"?>
<!-- Generated by org.testng.reporters.JUnitReportReporter -->
<testsuite hostname="neova-shipra" name="testscripts.Flight" tests="4" failures="0" timestamp="29 Jul 2019 11:49:20 GMT" time="7.548" errors="0">
  <testcase name="support" time="2.022" classname="testscripts.Flight"/>
  <testcase name="support" time="1.880" classname="testscripts.Flight"/>
  <testcase name="register" time="1.822" classname="testscripts.Flight"/>
  <testcase name="register" time="1.824" classname="testscripts.Flight"/>
</testsuite> <!-- testscripts.Flight -->
