<?xml version="1.0" encoding="UTF-8"?>
<!-- Generated by org.testng.reporters.JUnitReportReporter -->
<testsuite hostname="neova-shipra" name="testscripts.Flight" tests="4" failures="0" timestamp="26 Jul 2019 05:39:11 GMT" time="6.033" errors="0">
  <testcase name="support" time="1.328" classname="testscripts.Flight"/>
  <testcase name="register" time="1.572" classname="testscripts.Flight"/>
  <testcase name="support" time="1.444" classname="testscripts.Flight"/>
  <testcase name="register" time="1.689" classname="testscripts.Flight"/>
</testsuite> <!-- testscripts.Flight -->
