<?xml version="1.0" encoding="UTF-8"?>
<!-- Generated by org.testng.reporters.JUnitReportReporter -->
<testsuite hostname="neova-shipra" name="testscripts.Flight" tests="4" failures="0" timestamp="8 Aug 2019 06:20:10 GMT" time="9.179" errors="0">
  <testcase name="register" time="3.141" classname="testscripts.Flight"/>
  <testcase name="register" time="1.974" classname="testscripts.Flight"/>
  <testcase name="support" time="1.805" classname="testscripts.Flight"/>
  <testcase name="support" time="2.259" classname="testscripts.Flight"/>
</testsuite> <!-- testscripts.Flight -->
