<?xml version="1.0" encoding="UTF-8"?>
<!-- Generated by org.testng.reporters.JUnitReportReporter -->
<testsuite hostname="neova-shipra" name="test_Scripts.Sdx_task" tests="2" failures="0" timestamp="13 Aug 2019 08:52:50 GMT" time="2.913" errors="0">
  <testcase name="Verify_opinion_section" time="0.630" classname="test_Scripts.Sdx_task"/>
  <testcase name="Homepage_DemoFri_WeB" time="2.283" classname="test_Scripts.Sdx_task"/>
</testsuite> <!-- test_Scripts.Sdx_task -->
