<?xml version="1.0" encoding="UTF-8"?>
<!-- Generated by org.testng.reporters.JUnitReportReporter -->
<testsuite hostname="neova-shipra" name="test_Scripts.Sdx_task" tests="2" failures="0" timestamp="9 Aug 2019 10:10:23 GMT" time="2.469" errors="0">
  <testcase name="Verify_opinion_section" time="0.563" classname="test_Scripts.Sdx_task"/>
  <testcase name="Homepage_DemoFri_WeB" time="1.906" classname="test_Scripts.Sdx_task"/>
</testsuite> <!-- test_Scripts.Sdx_task -->
